app/build/outputs/logs/manifest-merger-debug-report.txt
-- Merging decision tree log ---
manifest
ADDED from src/main/AndroidManifest.xml:2:1-76:12
	package
		ADDED from src/main/AndroidManifest.xml:3:5-32
		INJECTED from src/main/AndroidManifest.xml
		INJECTED from src/main/AndroidManifest.xml
	android:versionName
		INJECTED from src/main/AndroidManifest.xml
		INJECTED from src/main/AndroidManifest.xml
	xmlns:android
		ADDED from src/main/AndroidManifest.xml:2:11-69
	android:versionCode
		INJECTED from src/main/AndroidManifest.xml
		INJECTED from src/main/AndroidManifest.xml
uses-permission#android.permission.GET_ACCOUNTS
ADDED from src/main/AndroidManifest.xml:6:5-71
	android:name
		ADDED from src/main/AndroidManifest.xml:6:22-68
uses-permission#android.permission.READ_PROFILE
ADDED from src/main/AndroidManifest.xml:7:5-71
	android:name
		ADDED from src/main/AndroidManifest.xml:7:22-68
uses-permission#android.permission.READ_CONTACTS
ADDED from src/main/AndroidManifest.xml:8:5-72
	android:name
		ADDED from src/main/AndroidManifest.xml:8:22-69
uses-permission#android.permission.ACCESS_FINE_LOCATION
ADDED from src/main/AndroidManifest.xml:15:5-79
	android:name
		ADDED from src/main/AndroidManifest.xml:15:22-76
application
ADDED from src/main/AndroidManifest.xml:17:5-74:19
MERGED from [com.android.support.constraint:constraint-layout:1.0.0-alpha7] AndroidManifest.xml:9:5-20
MERGED from [com.android.support:design:25.2.0] AndroidManifest.xml:25:5-20
MERGED from [com.android.support:appcompat-v7:25.2.0] AndroidManifest.xml:25:5-20
MERGED from [com.android.support:animated-vector-drawable:25.2.0] AndroidManifest.xml:22:5-20
MERGED from [com.android.support:support-vector-drawable:25.2.0] AndroidManifest.xml:23:5-20
MERGED from [com.android.support:transition:25.2.0] AndroidManifest.xml:22:5-20
MERGED from [com.mikepenz:google-material-typeface:3.0.1.0.original] AndroidManifest.xml:27:5-20
MERGED from [com.mikepenz:material-design-iconic-typeface:2.2.0.2] AndroidManifest.xml:27:5-20
MERGED from [com.mikepenz:octicons-typeface:3.2.0.2] AndroidManifest.xml:27:5-20
MERGED from [com.mikepenz:meteocons-typeface:1.1.0.2] AndroidManifest.xml:27:5-20
MERGED from [com.mikepenz:community-material-typeface:1.8.36.1] AndroidManifest.xml:28:5-20
MERGED from [com.mikepenz:weather-icons-typeface:2.0.10.2] AndroidManifest.xml:27:5-20
MERGED from [com.mikepenz:typeicons-typeface:2.0.7.2] AndroidManifest.xml:27:5-20
MERGED from [com.mikepenz:entypo-typeface:1.0.0.2] AndroidManifest.xml:27:5-20
MERGED from [com.mikepenz:devicon-typeface:2.0.0.2] AndroidManifest.xml:27:5-20
MERGED from [com.mikepenz:foundation-icons-typeface:3.0.0.2] AndroidManifest.xml:27:5-20
MERGED from [com.mikepenz:ionicons-typeface:2.0.1.2] AndroidManifest.xml:27:5-20
MERGED from [com.nightonke:boommenu:2.0.7] AndroidManifest.xml:11:5-14:19
MERGED from [com.android.volley:volley:1.0.0] AndroidManifest.xml:9:5-20
MERGED from [com.google.android.gms:play-services-maps:10.2.0] AndroidManifest.xml:24:5-19
MERGED from [com.google.android.gms:play-services-base:10.2.0] AndroidManifest.xml:18:5-20:19
MERGED from [com.google.android.gms:play-services-tasks:10.2.0] AndroidManifest.xml:4:5-19
MERGED from [com.google.android.gms:play-services-basement:10.2.0] AndroidManifest.xml:19:5-21:19
MERGED from [com.android.support:support-v4:25.2.0] AndroidManifest.xml:25:5-20
MERGED from [com.android.support:support-fragment:25.2.0] AndroidManifest.xml:25:5-20
MERGED from [com.android.support:support-media-compat:25.2.0] AndroidManifest.xml:25:5-20
MERGED from [com.android.support:support-core-ui:25.2.0] AndroidManifest.xml:25:5-20
MERGED from [com.android.support:support-core-utils:25.2.0] AndroidManifest.xml:25:5-20
MERGED from [com.android.support:support-compat:25.2.0] AndroidManifest.xml:25:5-20
	android:label
		ADDED from src/main/AndroidManifest.xml:20:9-41
	android:supportsRtl
		ADDED from src/main/AndroidManifest.xml:22:9-35
	android:roundIcon
		ADDED from src/main/AndroidManifest.xml:21:9-54
	android:allowBackup
		ADDED from src/main/AndroidManifest.xml:18:9-35
	android:icon
		ADDED from src/main/AndroidManifest.xml:19:9-43
	android:theme
		ADDED from src/main/AndroidManifest.xml:23:9-40
activity#com.pifss.bbadmin.MainActivity
ADDED from src/main/AndroidManifest.xml:27:9-50
	android:name
		ADDED from src/main/AndroidManifest.xml:27:19-47
activity#com.pifss.bbadmin.SplashActivity
ADDED from src/main/AndroidManifest.xml:28:9-34:20
	android:name
		ADDED from src/main/AndroidManifest.xml:28:19-49
intent-filter#android.intent.action.MAIN+android.intent.category.LAUNCHER
ADDED from src/main/AndroidManifest.xml:29:13-33:29
action#android.intent.action.MAIN
ADDED from src/main/AndroidManifest.xml:30:17-69
	android:name
		ADDED from src/main/AndroidManifest.xml:30:25-66
category#android.intent.category.LAUNCHER
ADDED from src/main/AndroidManifest.xml:32:17-77
	android:name
		ADDED from src/main/AndroidManifest.xml:32:27-74
activity#com.pifss.bbadmin.LoginActivity
ADDED from src/main/AndroidManifest.xml:35:9-38:60
	android:label
		ADDED from src/main/AndroidManifest.xml:38:13-57
	android:exported
		ADDED from src/main/AndroidManifest.xml:37:13-36
	android:name
		ADDED from src/main/AndroidManifest.xml:36:13-42
activity#com.pifss.bbadmin.ForgetPasswordActivity
ADDED from src/main/AndroidManifest.xml:39:9-41:59
	android:theme
		ADDED from src/main/AndroidManifest.xml:41:13-56
	android:name
		ADDED from src/main/AndroidManifest.xml:40:13-51
activity#com.pifss.bbadmin.MainDrawer
ADDED from src/main/AndroidManifest.xml:42:9-45:59
	android:label
		ADDED from src/main/AndroidManifest.xml:44:13-63
	android:theme
		ADDED from src/main/AndroidManifest.xml:45:13-56
	android:name
		ADDED from src/main/AndroidManifest.xml:43:13-39
activity#com.pifss.bbadmin.AppSettings
ADDED from src/main/AndroidManifest.xml:46:9-48:59
	android:theme
		ADDED from src/main/AndroidManifest.xml:48:13-56
	android:name
		ADDED from src/main/AndroidManifest.xml:47:13-40
activity#com.pifss.bbadmin.CampaignList
ADDED from src/main/AndroidManifest.xml:49:9-50
	android:name
		ADDED from src/main/AndroidManifest.xml:49:19-47
activity#com.pifss.bbadmin.CampaignAdd
ADDED from src/main/AndroidManifest.xml:50:9-49
	android:name
		ADDED from src/main/AndroidManifest.xml:50:19-46
activity#com.pifss.bbadmin.ViewProfile
ADDED from src/main/AndroidManifest.xml:51:9-52:38
	android:exported
		ADDED from src/main/AndroidManifest.xml:52:13-36
	android:name
		ADDED from src/main/AndroidManifest.xml:51:19-46
activity#com.pifss.bbadmin.EditProfile
ADDED from src/main/AndroidManifest.xml:53:9-57:68
	android:label
		ADDED from src/main/AndroidManifest.xml:56:13-64
	android:exported
		ADDED from src/main/AndroidManifest.xml:55:13-36
	android:theme
		ADDED from src/main/AndroidManifest.xml:57:13-56
	android:name
		ADDED from src/main/AndroidManifest.xml:54:13-40
meta-data#com.google.android.geo.API_KEY
ADDED from src/main/AndroidManifest.xml:67:9-69:55
	android:value
		ADDED from src/main/AndroidManifest.xml:69:13-52
	android:name
		ADDED from src/main/AndroidManifest.xml:68:13-58
activity#com.pifss.bbadmin.test.MapsActivity
ADDED from src/main/AndroidManifest.xml:71:9-73:68
	android:label
		ADDED from src/main/AndroidManifest.xml:73:13-56
	android:name
		ADDED from src/main/AndroidManifest.xml:72:13-46
uses-sdk
INJECTED from src/main/AndroidManifest.xml reason: use-sdk injection requested
MERGED from [com.android.support.constraint:constraint-layout:1.0.0-alpha7] AndroidManifest.xml:5:5-7:41
MERGED from [com.android.support:design:25.2.0] AndroidManifest.xml:21:5-23:62
MERGED from [com.android.support:appcompat-v7:25.2.0] AndroidManifest.xml:21:5-23:78
MERGED from [com.android.support:animated-vector-drawable:25.2.0] AndroidManifest.xml:20:5-44
MERGED from [com.android.support:support-vector-drawable:25.2.0] AndroidManifest.xml:21:5-43
MERGED from [com.android.support:recyclerview-v7:25.2.0] AndroidManifest.xml:20:5-43
MERGED from [com.android.support:transition:25.2.0] AndroidManifest.xml:20:5-44
MERGED from [com.mikepenz:iconics-core:2.8.2] AndroidManifest.xml:8:5-10:41
MERGED from [com.mikepenz:google-material-typeface:3.0.1.0.original] AndroidManifest.xml:23:5-25:41
MERGED from [com.mikepenz:material-design-iconic-typeface:2.2.0.2] AndroidManifest.xml:23:5-25:41
MERGED from [com.mikepenz:fontawesome-typeface:4.7.0.0] AndroidManifest.xml:8:5-10:41
MERGED from [com.mikepenz:octicons-typeface:3.2.0.2] AndroidManifest.xml:23:5-25:41
MERGED from [com.mikepenz:meteocons-typeface:1.1.0.2] AndroidManifest.xml:23:5-25:41
MERGED from [com.mikepenz:community-material-typeface:1.8.36.1] AndroidManifest.xml:24:5-26:41
MERGED from [com.mikepenz:weather-icons-typeface:2.0.10.2] AndroidManifest.xml:23:5-25:41
MERGED from [com.mikepenz:typeicons-typeface:2.0.7.2] AndroidManifest.xml:23:5-25:41
MERGED from [com.mikepenz:entypo-typeface:1.0.0.2] AndroidManifest.xml:23:5-25:41
MERGED from [com.mikepenz:devicon-typeface:2.0.0.2] AndroidManifest.xml:23:5-25:41
MERGED from [com.mikepenz:foundation-icons-typeface:3.0.0.2] AndroidManifest.xml:23:5-25:41
MERGED from [com.mikepenz:ionicons-typeface:2.0.1.2] AndroidManifest.xml:23:5-25:41
MERGED from [com.nightonke:boommenu:2.0.7] AndroidManifest.xml:7:5-9:41
MERGED from [com.android.volley:volley:1.0.0] AndroidManifest.xml:7:5-43
MERGED from [com.google.android.gms:play-services-maps:10.2.0] AndroidManifest.xml:23:5-43
MERGED from [com.google.android.gms:play-services-base:10.2.0] AndroidManifest.xml:17:5-43
MERGED from [com.google.android.gms:play-services-tasks:10.2.0] AndroidManifest.xml:3:5-43
MERGED from [com.google.android.gms:play-services-basement:10.2.0] AndroidManifest.xml:17:5-43
MERGED from [com.android.support:support-v4:25.2.0] AndroidManifest.xml:21:5-23:54
MERGED from [com.android.support:support-fragment:25.2.0] AndroidManifest.xml:21:5-23:60
MERGED from [com.android.support:support-media-compat:25.2.0] AndroidManifest.xml:21:5-23:63
MERGED from [com.android.support:support-core-ui:25.2.0] AndroidManifest.xml:21:5-23:58
MERGED from [com.android.support:support-core-utils:25.2.0] AndroidManifest.xml:21:5-23:61
MERGED from [com.android.support:support-compat:25.2.0] AndroidManifest.xml:21:5-23:58
	tools:overrideLibrary
		ADDED from [com.android.support:design:25.2.0] AndroidManifest.xml:23:9-59
	android:targetSdkVersion
		INJECTED from src/main/AndroidManifest.xml
		INJECTED from src/main/AndroidManifest.xml
	android:minSdkVersion
		INJECTED from src/main/AndroidManifest.xml
		INJECTED from src/main/AndroidManifest.xml
uses-permission#android.permission.ACCESS_NETWORK_STATE
ADDED from [com.google.android.gms:play-services-maps:10.2.0] AndroidManifest.xml:19:5-78
	android:name
		ADDED from [com.google.android.gms:play-services-maps:10.2.0] AndroidManifest.xml:19:22-76
uses-permission#android.permission.INTERNET
ADDED from [com.google.android.gms:play-services-maps:10.2.0] AndroidManifest.xml:20:5-66
	android:name
		ADDED from [com.google.android.gms:play-services-maps:10.2.0] AndroidManifest.xml:20:22-64
uses-feature#0x00020000
ADDED from [com.google.android.gms:play-services-maps:10.2.0] AndroidManifest.xml:21:5-77
	android:glEsVersion
		ADDED from [com.google.android.gms:play-services-maps:10.2.0] AndroidManifest.xml:21:19-51
	android:required
		ADDED from [com.google.android.gms:play-services-maps:10.2.0] AndroidManifest.xml:21:52-75
activity#com.google.android.gms.common.api.GoogleApiActivity
ADDED from [com.google.android.gms:play-services-base:10.2.0] AndroidManifest.xml:19:9-172
	android:exported
		ADDED from [com.google.android.gms:play-services-base:10.2.0] AndroidManifest.xml:19:146-170
	android:theme
		ADDED from [com.google.android.gms:play-services-base:10.2.0] AndroidManifest.xml:19:86-145
	android:name
		ADDED from [com.google.android.gms:play-services-base:10.2.0] AndroidManifest.xml:19:19-85
meta-data#com.google.android.gms.version
ADDED from [com.google.android.gms:play-services-basement:10.2.0] AndroidManifest.xml:20:9-121
	android:value
		ADDED from [com.google.android.gms:play-services-basement:10.2.0] AndroidManifest.xml:20:66-119
	android:name
		ADDED from [com.google.android.gms:play-services-basement:10.2.0] AndroidManifest.xml:20:20-65